[12:16:30] [Render thread/INFO] [REI] Config loaded.
[12:16:30] [Render thread/INFO] [REI] Registered plugin provider AdornReiClient [adorn] for REIPlugin
[12:16:30] [Render thread/INFO] [REI] Registered plugin provider AdornReiServer [adorn] for REIPlugin
[12:16:30] [Render thread/INFO] [REI] Registered plugin provider REIPlugin [agape_space] for REIPlugin
[12:16:30] [Render thread/INFO] [REI] Registered plugin provider REIPluginClient [agape_space] for REIPlugin
[12:16:30] [Render thread/INFO] [REI] Registered plugin provider CraftTweakerPlugin [crafttweaker] for REIPlugin
[12:16:30] [Render thread/INFO] [REI] Registered plugin provider create:rei_plugin [create] for REIPlugin
[12:16:30] [Render thread/INFO] [REI] Registered plugin provider DBServerPlugin [decorative_blocks] for REIPlugin
[12:16:30] [Render thread/INFO] [REI] Registered plugin provider DBClientPlugin [decorative_blocks] for REIPlugin
[12:16:30] [Render thread/INFO] [REI] Registered plugin provider EnchDescREI [enchdesc] for REIPlugin
[12:16:30] [Render thread/INFO] [REI] Registered plugin provider ImprovedStationsREIContainerInfo [improved-stations] for REIPlugin
[12:16:30] [Render thread/INFO] [REI] Registered plugin provider ImprovedStationsREIPlugin [improved-stations] for REIPlugin
[12:16:30] [Render thread/INFO] [REI] Registered plugin provider REIPlugin [indrev] for REIPlugin
[12:16:30] [Render thread/INFO] [REI] Registered plugin provider ReiCompat [ninjaphenix_container_lib] for REIPlugin
[12:16:30] [Render thread/INFO] [REI] Registered plugin provider ReiClient [overlord] for REIPlugin
[12:16:30] [Render thread/INFO] [REI] Registered plugin provider OxidizedREIPlugin [oxidized] for REIPlugin
[12:16:30] [Render thread/INFO] [REI] Registered plugin provider ReiCompatibility [polymer] for REIPlugin
[12:16:30] [Render thread/INFO] [REI] Registered plugin provider DefaultPlugin [roughlyenoughitems] for REIPlugin
[12:16:30] [Render thread/INFO] [REI] Registered plugin provider DefaultRuntimePlugin [roughlyenoughitems] for REIPlugin
[12:16:30] [Render thread/INFO] [REI] Registered plugin provider DefaultClientPlugin [roughlyenoughitems] for REIPlugin
[12:16:30] [Render thread/INFO] [REI] Registered plugin provider DefaultClientRuntimePlugin [roughlyenoughitems] for REIPlugin
[12:16:30] [Render thread/INFO] [REI] Registered plugin provider PluginEntry [roughlyenoughresources] for REIPlugin
[12:16:30] [Render thread/INFO] [REI] Registered plugin provider SimpleGrinderPlugin [simplegrinder] for REIPlugin
[12:16:31] [Render thread/INFO] [REI] Registered plugin provider ReiPlugin [slotlink] for REIPlugin
[12:16:31] [Render thread/INFO] [REI] Registered plugin provider ReiPlugin [techreborn] for REIPlugin
[12:16:31] [Render thread/INFO] [REI] Registered plugin provider REICompat [the_bumblezone] for REIPlugin
[12:16:31] [Render thread/INFO] [REI] Registered plugin provider REIPlugin [winged] for REIPlugin
[12:16:31] [Render thread/INFO] [REI] Registered plugin provider WmitafReiClientPlugin [wmitaf] for REIPlugin
[12:16:31] [Render thread/INFO] [REI] Registered plugin provider ReiRecipeLookup [wthit] for REIPlugin
[12:16:31] [Render thread/INFO] [REI] Registered plugin provider AE2 [ae2] for REIPlugin
[12:16:31] [Render thread/INFO] [REI] Registered plugin provider REI [ae2things] for REIPlugin
[12:16:31] [Render thread/INFO] [REI] Registered plugin provider ae2wtlib [ae2wtlib] for REIPlugin
[12:16:31] [Render thread/INFO] [REI] Registered plugin provider AlloyForgeryPlugin [alloy_forgery] for REIPlugin
[12:16:31] [Render thread/INFO] [REI] Registered plugin provider APPlugin [architects_palette] for REIPlugin
[12:16:31] [Render thread/INFO] [REI] Registered plugin provider ArchonREIPlugin [archon] for REIPlugin
[12:16:31] [Render thread/INFO] [REI] Registered plugin provider ReiPlugin [basicaiots] for REIPlugin
[12:16:31] [Render thread/INFO] [REI] Registered plugin provider REIPlugin [betterend] for REIPlugin
[12:16:31] [Render thread/INFO] [REI] Registered plugin provider BWREIPlugin [bewitchment] for REIPlugin
[12:16:31] [Render thread/INFO] [REI] Registered plugin provider TellReiStopBad [bitsandchisels] for REIPlugin
[12:16:31] [Render thread/INFO] [REI] Registered plugin provider CatwalksIncREI [catwalksinc] for REIPlugin
[12:16:31] [Render thread/INFO] [REI] Registered plugin provider REIChippedPlugin [chipped] for REIPlugin
[12:16:31] [Render thread/INFO] [REI] Registered plugin provider ConjuringClientPlugin [conjuring] for REIPlugin
[12:16:31] [Render thread/INFO] [REI] Registered plugin provider ConjuringCommonPlugin [conjuring] for REIPlugin
[12:16:31] [Render thread/INFO] [REI] Registered plugin provider ReiPlugin [coxinhautilities] for REIPlugin
[12:16:31] [Render thread/INFO] [REI] Registered plugin provider RoughlyEnoughItemsIntegration [craftingtweaks] for REIPlugin
[12:16:31] [Render thread/INFO] [REI] Registered plugin provider ReiPlugin [dml-refabricated-rei] for REIPlugin
[12:16:31] [Render thread/INFO] [REI] Registered plugin provider FarmersDelightModREI [farmersdelight] for REIPlugin
[12:16:31] [Render thread/INFO] [REI] Registered plugin provider REIIntegration [ftblibrary] for REIPlugin
[12:16:31] [Render thread/INFO] [REI] Registered plugin provider HaemaREIPlugin [haema] for REIPlugin
[12:16:31] [Render thread/INFO] [REI] Registered plugin provider KubeJSREIPlugin [kubejs] for REIPlugin
[12:16:31] [Render thread/INFO] [REI] Registered plugin provider LLREIPlugin [lightestlamp] for REIPlugin
[12:16:31] [Render thread/INFO] [REI] Registered plugin provider ReiPlugin [magicfungi] for REIPlugin
[12:16:31] [Render thread/INFO] [REI] Registered plugin provider MIREIPlugin [modern_industrialization] for REIPlugin
[12:16:31] [Render thread/INFO] [REI] Registered plugin provider FluidFuelsPlugin [modern_industrialization] for REIPlugin
[12:16:31] [Render thread/INFO] [REI] Registered plugin provider ForgeHammerRecipePlugin [modern_industrialization] for REIPlugin
[12:16:31] [Render thread/INFO] [REI] Registered plugin provider MachinesPlugin [modern_industrialization] for REIPlugin
[12:16:31] [Render thread/INFO] [REI] Registered plugin provider NeutronInteractionPlugin [modern_industrialization] for REIPlugin
[12:16:31] [Render thread/INFO] [REI] Registered plugin provider MythicMetalsREIPlugin [mythicmetals] for REIPlugin
[12:16:31] [Render thread/INFO] [REI] Registered plugin provider OwoReiPlugin [owo] for REIPlugin
[12:16:31] [Render thread/INFO] [REI] Registered plugin provider RoughlyEnoughItemsModule [polymorph] for REIPlugin
[12:16:31] [Render thread/INFO] [REI] Registered plugin provider REIServerIntegration [spectrum] for REIPlugin
[12:16:31] [Render thread/INFO] [REI] Registered plugin provider REIClientIntegration [spectrum] for REIPlugin
[12:16:31] [Render thread/INFO] [REI] Registered plugin provider TheExtractinatorClientPlugin [the_extractinator] for REIPlugin
[12:16:31] [Render thread/INFO] [REI] Registered plugin provider ThingsPlugin [things] for REIPlugin
[12:16:31] [Render thread/INFO] [REI] Registered plugin provider REIPlugin [toms_storage] for REIPlugin
[12:16:31] [Render thread/INFO] [REI] Registered plugin provider RoughlyEnoughItemsIntegration [trashslot] for REIPlugin
[12:16:31] [Render thread/INFO] [REI] Registered plugin provider BotaniaREIPlugin [botania] for REIPlugin
[12:16:31] [Render thread/INFO] [REI] Registered plugin provider ReiCompat [extragenerators] for REIPlugin
[12:16:31] [Render thread/INFO] [REI] Registered plugin provider SandwichableREI [sandwichable] for REIPlugin
[12:16:31] [Render thread/INFO] [REI] Registered plugin provider AdornReiServer [adorn] for REIServerPlugin
[12:16:31] [Render thread/INFO] [REI] Registered plugin provider REIPlugin [agape_space] for REIServerPlugin
[12:16:31] [Render thread/INFO] [REI] Registered plugin provider DBServerPlugin [decorative_blocks] for REIServerPlugin
[12:16:31] [Render thread/INFO] [REI] Registered plugin provider ImprovedStationsREIContainerInfo [improved-stations] for REIServerPlugin
[12:16:31] [Render thread/INFO] [REI] Registered plugin provider DefaultPlugin [roughlyenoughitems] for REIServerPlugin
[12:16:31] [Render thread/INFO] [REI] Registered plugin provider DefaultRuntimePlugin [roughlyenoughitems] for REIServerPlugin
[12:16:31] [Render thread/INFO] [REI] Registered plugin provider ConjuringCommonPlugin [conjuring] for REIServerPlugin
[12:16:31] [Render thread/INFO] [REI] Registered plugin provider REIServerIntegration [spectrum] for REIServerPlugin
[12:16:31] [Render thread/INFO] [REI] Registered plugin provider FabricFluidAPISupportPlugin for REIServerPlugin
[12:16:31] [Render thread/INFO] [REI] Registered plugin provider FabricFluidAPISupportPlugin for REIPlugin
[12:16:51] [Render thread/INFO] [REI] Registered plugin provider AdornReiClient [adorn] for REIClientPlugin
[12:16:51] [Render thread/INFO] [REI] Registered plugin provider REIPluginClient [agape_space] for REIClientPlugin
[12:16:51] [Render thread/INFO] [REI] Registered plugin provider CraftTweakerPlugin [crafttweaker] for REIClientPlugin
[12:16:51] [Render thread/INFO] [REI] Registered plugin provider create:rei_plugin [create] for REIClientPlugin
[12:16:51] [Render thread/INFO] [REI] Registered plugin provider DBClientPlugin [decorative_blocks] for REIClientPlugin
[12:16:51] [Render thread/INFO] [REI] Registered plugin provider EnchDescREI [enchdesc] for REIClientPlugin
[12:16:51] [Render thread/INFO] [REI] Registered plugin provider ImprovedStationsREIPlugin [improved-stations] for REIClientPlugin
[12:16:51] [Render thread/INFO] [REI] Registered plugin provider REIPlugin [indrev] for REIClientPlugin
[12:16:51] [Render thread/INFO] [REI] Registered plugin provider ReiCompat [ninjaphenix_container_lib] for REIClientPlugin
[12:16:51] [Render thread/INFO] [REI] Registered plugin provider ReiClient [overlord] for REIClientPlugin
[12:16:51] [Render thread/INFO] [REI] Registered plugin provider OxidizedREIPlugin [oxidized] for REIClientPlugin
[12:16:51] [Render thread/INFO] [REI] Registered plugin provider ReiCompatibility [polymer] for REIClientPlugin
[12:16:51] [Render thread/INFO] [REI] Registered plugin provider DefaultClientPlugin [roughlyenoughitems] for REIClientPlugin
[12:16:51] [Render thread/INFO] [REI] Registered plugin provider DefaultClientRuntimePlugin [roughlyenoughitems] for REIClientPlugin
[12:16:51] [Render thread/INFO] [REI] Registered plugin provider PluginEntry [roughlyenoughresources] for REIClientPlugin
[12:16:51] [Render thread/INFO] [REI] Registered plugin provider SimpleGrinderPlugin [simplegrinder] for REIClientPlugin
[12:16:51] [Render thread/INFO] [REI] Registered plugin provider ReiPlugin [slotlink] for REIClientPlugin
[12:16:51] [Render thread/INFO] [REI] Registered plugin provider ReiPlugin [techreborn] for REIClientPlugin
[12:16:51] [Render thread/INFO] [REI] Registered plugin provider REICompat [the_bumblezone] for REIClientPlugin
[12:16:51] [Render thread/INFO] [REI] Registered plugin provider REIPlugin [winged] for REIClientPlugin
[12:16:51] [Render thread/INFO] [REI] Registered plugin provider WmitafReiClientPlugin [wmitaf] for REIClientPlugin
[12:16:51] [Render thread/INFO] [REI] Registered plugin provider ReiRecipeLookup [wthit] for REIClientPlugin
[12:16:51] [Render thread/INFO] [REI] Registered plugin provider AE2 [ae2] for REIClientPlugin
[12:16:51] [Render thread/INFO] [REI] Registered plugin provider REI [ae2things] for REIClientPlugin
[12:16:51] [Render thread/INFO] [REI] Registered plugin provider ae2wtlib [ae2wtlib] for REIClientPlugin
[12:16:51] [Render thread/INFO] [REI] Registered plugin provider AlloyForgeryPlugin [alloy_forgery] for REIClientPlugin
[12:16:51] [Render thread/INFO] [REI] Registered plugin provider APPlugin [architects_palette] for REIClientPlugin
[12:16:51] [Render thread/INFO] [REI] Registered plugin provider ArchonREIPlugin [archon] for REIClientPlugin
[12:16:51] [Render thread/INFO] [REI] Registered plugin provider ReiPlugin [basicaiots] for REIClientPlugin
[12:16:51] [Render thread/INFO] [REI] Registered plugin provider REIPlugin [betterend] for REIClientPlugin
[12:16:51] [Render thread/INFO] [REI] Registered plugin provider BWREIPlugin [bewitchment] for REIClientPlugin
[12:16:51] [Render thread/INFO] [REI] Registered plugin provider TellReiStopBad [bitsandchisels] for REIClientPlugin
[12:16:51] [Render thread/INFO] [REI] Registered plugin provider CatwalksIncREI [catwalksinc] for REIClientPlugin
[12:16:51] [Render thread/INFO] [REI] Registered plugin provider REIChippedPlugin [chipped] for REIClientPlugin
[12:16:51] [Render thread/INFO] [REI] Registered plugin provider ConjuringClientPlugin [conjuring] for REIClientPlugin
[12:16:51] [Render thread/INFO] [REI] Registered plugin provider ReiPlugin [coxinhautilities] for REIClientPlugin
[12:16:51] [Render thread/INFO] [REI] Registered plugin provider RoughlyEnoughItemsIntegration [craftingtweaks] for REIClientPlugin
[12:16:51] [Render thread/INFO] [REI] Registered plugin provider ReiPlugin [dml-refabricated-rei] for REIClientPlugin
[12:16:51] [Render thread/INFO] [REI] Registered plugin provider FarmersDelightModREI [farmersdelight] for REIClientPlugin
[12:16:51] [Render thread/INFO] [REI] Registered plugin provider REIIntegration [ftblibrary] for REIClientPlugin
[12:16:51] [Render thread/INFO] [REI] Registered plugin provider HaemaREIPlugin [haema] for REIClientPlugin
[12:16:51] [Render thread/INFO] [REI] Registered plugin provider KubeJSREIPlugin [kubejs] for REIClientPlugin
[12:16:51] [Render thread/INFO] [REI] Registered plugin provider LLREIPlugin [lightestlamp] for REIClientPlugin
[12:16:51] [Render thread/INFO] [REI] Registered plugin provider ReiPlugin [magicfungi] for REIClientPlugin
[12:16:51] [Render thread/INFO] [REI] Registered plugin provider MIREIPlugin [modern_industrialization] for REIClientPlugin
[12:16:51] [Render thread/INFO] [REI] Registered plugin provider FluidFuelsPlugin [modern_industrialization] for REIClientPlugin
[12:16:51] [Render thread/INFO] [REI] Registered plugin provider ForgeHammerRecipePlugin [modern_industrialization] for REIClientPlugin
[12:16:51] [Render thread/INFO] [REI] Registered plugin provider MachinesPlugin [modern_industrialization] for REIClientPlugin
[12:16:51] [Render thread/INFO] [REI] Registered plugin provider NeutronInteractionPlugin [modern_industrialization] for REIClientPlugin
[12:16:51] [Render thread/INFO] [REI] Registered plugin provider MythicMetalsREIPlugin [mythicmetals] for REIClientPlugin
[12:16:51] [Render thread/INFO] [REI] Registered plugin provider OwoReiPlugin [owo] for REIClientPlugin
[12:16:51] [Render thread/INFO] [REI] Registered plugin provider RoughlyEnoughItemsModule [polymorph] for REIClientPlugin
[12:16:51] [Render thread/INFO] [REI] Registered plugin provider REIClientIntegration [spectrum] for REIClientPlugin
[12:16:51] [Render thread/INFO] [REI] Registered plugin provider TheExtractinatorClientPlugin [the_extractinator] for REIClientPlugin
[12:16:51] [Render thread/INFO] [REI] Registered plugin provider ThingsPlugin [things] for REIClientPlugin
[12:16:51] [Render thread/INFO] [REI] Registered plugin provider REIPlugin [toms_storage] for REIClientPlugin
[12:16:51] [Render thread/INFO] [REI] Registered plugin provider RoughlyEnoughItemsIntegration [trashslot] for REIClientPlugin
[12:16:51] [Render thread/INFO] [REI] Registered plugin provider BotaniaREIPlugin [botania] for REIClientPlugin
[12:16:51] [Render thread/INFO] [REI] Registered plugin provider ReiCompat [extragenerators] for REIClientPlugin
[12:16:51] [Render thread/INFO] [REI] Registered plugin provider SandwichableREI [sandwichable] for REIClientPlugin
